\BOOKMARK [-1][-]{titlepage.-1}{ANSI-C面向对象编程}{}% 1
\BOOKMARK [0][-]{chapter*.1}{原译者序}{titlepage.-1}% 2
\BOOKMARK [0][-]{chapter*.2}{原版序}{titlepage.-1}% 3
\BOOKMARK [0][-]{chapter*.3}{目 录}{titlepage.-1}% 4
\BOOKMARK [0][-]{chapter.1}{1 抽象数据类型：信息隐藏}{titlepage.-1}% 5
\BOOKMARK [1][-]{section.1.1}{1.1 数据类型}{chapter.1}% 6
\BOOKMARK [1][-]{section.1.2}{1.2 抽象数据类型}{chapter.1}% 7
\BOOKMARK [1][-]{section.1.3}{1.3 一个例子：Set}{chapter.1}% 8
\BOOKMARK [1][-]{section.1.4}{1.4 内存管理}{chapter.1}% 9
\BOOKMARK [1][-]{section.1.5}{1.5 对象}{chapter.1}% 10
\BOOKMARK [1][-]{section.1.6}{1.6 一个应用程序}{chapter.1}% 11
\BOOKMARK [1][-]{section.1.7}{1.7 一个实现：Set}{chapter.1}% 12
\BOOKMARK [1][-]{section.1.8}{1.8 另一个实现：Bag}{chapter.1}% 13
\BOOKMARK [1][-]{section.1.9}{1.9 小结}{chapter.1}% 14
\BOOKMARK [1][-]{section.1.10}{1.10 练习}{chapter.1}% 15
\BOOKMARK [0][-]{chapter.2}{2 动态链接：通用函数}{titlepage.-1}% 16
\BOOKMARK [1][-]{section.2.1}{2.1 构造函数和析构函数}{chapter.2}% 17
\BOOKMARK [1][-]{section.2.2}{2.2 方法、消息、类和对象}{chapter.2}% 18
\BOOKMARK [1][-]{section.2.3}{2.3 选择器、动态连接与多态}{chapter.2}% 19
\BOOKMARK [1][-]{section.2.4}{2.4 一个应用程序}{chapter.2}% 20
\BOOKMARK [1][-]{section.2.5}{2.5 一个实现：String}{chapter.2}% 21
\BOOKMARK [1][-]{section.2.6}{2.6 另一个实现：Atom}{chapter.2}% 22
\BOOKMARK [1][-]{section.2.7}{2.7 小结}{chapter.2}% 23
\BOOKMARK [1][-]{section.2.8}{2.8 练习}{chapter.2}% 24
\BOOKMARK [0][-]{chapter.3}{3 编程常识：算数表达式}{titlepage.-1}% 25
\BOOKMARK [1][-]{section.3.1}{3.1 主循环}{chapter.3}% 26
\BOOKMARK [1][-]{section.3.2}{3.2 扫描器}{chapter.3}% 27
\BOOKMARK [1][-]{section.3.3}{3.3 识别器}{chapter.3}% 28
\BOOKMARK [1][-]{section.3.4}{3.4 The Processor 处理器}{chapter.3}% 29
\BOOKMARK [1][-]{section.3.5}{3.5 Information Hiding 信息隐藏}{chapter.3}% 30
\BOOKMARK [1][-]{section.3.6}{3.6 Dynamic Linkage 动态链接}{chapter.3}% 31
\BOOKMARK [1][-]{section.3.7}{3.7\040A\040Postfix\040Writer}{chapter.3}% 32
\BOOKMARK [1][-]{section.3.8}{3.8\040Arithmetic}{chapter.3}% 33
\BOOKMARK [1][-]{section.3.9}{3.9\040Infix\040Output}{chapter.3}% 34
\BOOKMARK [1][-]{section.3.10}{3.10 小结}{chapter.3}% 35
\BOOKMARK [0][-]{chapter.4}{4 继承：代码重用和精炼}{titlepage.-1}% 36
\BOOKMARK [1][-]{section.4.1}{4.1\040A\040Superclass:Point}{chapter.4}% 37
\BOOKMARK [1][-]{section.4.2}{4.2\040Superclass\040Implementation:Point}{chapter.4}% 38
\BOOKMARK [1][-]{section.4.3}{4.3 继承:Circle}{chapter.4}% 39
\BOOKMARK [1][-]{section.4.4}{4.4\040Linkage\040and\040Inheritance}{chapter.4}% 40
\BOOKMARK [1][-]{section.4.5}{4.5\040Static\040and\040Dynamic\040Linkage}{chapter.4}% 41
\BOOKMARK [1][-]{section.4.6}{4.6\040Visibility\040and\040Access\040Function}{chapter.4}% 42
\BOOKMARK [1][-]{section.4.7}{4.7\040Subclass\040Implementation:Circle}{chapter.4}% 43
\BOOKMARK [1][-]{section.4.8}{4.8 小结}{chapter.4}% 44
\BOOKMARK [1][-]{section.4.9}{4.9 Is It or Has It?–Inheritance VS.Aggregates}{chapter.4}% 45
\BOOKMARK [1][-]{section.4.10}{4.10\040Multiple\040Inheritance}{chapter.4}% 46
\BOOKMARK [1][-]{section.4.11}{4.11\040Exercises}{chapter.4}% 47
\BOOKMARK [0][-]{chapter.5}{5 编程常识：符号表}{titlepage.-1}% 48
\BOOKMARK [1][-]{section.5.1}{5.1 标识符扫描}{chapter.5}% 49
\BOOKMARK [1][-]{section.5.2}{5.2 使用变量}{chapter.5}% 50
\BOOKMARK [1][-]{section.5.3}{5.3 The Screener —Name}{chapter.5}% 51
\BOOKMARK [1][-]{section.5.4}{5.4 父类的实现：Name}{chapter.5}% 52
\BOOKMARK [1][-]{section.5.5}{5.5 子类的实现：Var}{chapter.5}% 53
\BOOKMARK [1][-]{section.5.6}{5.6 赋值}{chapter.5}% 54
\BOOKMARK [1][-]{section.5.7}{5.7 另一个子类：Constants}{chapter.5}% 55
\BOOKMARK [1][-]{section.5.8}{5.8 数学函数：Math}{chapter.5}% 56
\BOOKMARK [1][-]{section.5.9}{5.9 小结}{chapter.5}% 57
\BOOKMARK [1][-]{section.5.10}{5.10 练习}{chapter.5}% 58
\BOOKMARK [0][-]{chapter.6}{6 类层次结构：可维护性}{titlepage.-1}% 59
\BOOKMARK [1][-]{section.6.1}{6.1 需求}{chapter.6}% 60
\BOOKMARK [1][-]{section.6.2}{6.2 元类}{chapter.6}% 61
\BOOKMARK [1][-]{section.6.3}{6.3 Roots —Object and Class}{chapter.6}% 62
\BOOKMARK [1][-]{section.6.4}{6.4 Subclassing —Any}{chapter.6}% 63
\BOOKMARK [1][-]{section.6.5}{6.5 实现：Object}{chapter.6}% 64
\BOOKMARK [1][-]{section.6.6}{6.6 实现：Class}{chapter.6}% 65
\BOOKMARK [1][-]{section.6.7}{6.7 初始化}{chapter.6}% 66
\BOOKMARK [1][-]{section.6.8}{6.8 选择器}{chapter.6}% 67
\BOOKMARK [1][-]{section.6.9}{6.9 父类选择器}{chapter.6}% 68
\BOOKMARK [1][-]{section.6.10}{6.10 一个新的元类：PointClass}{chapter.6}% 69
\BOOKMARK [1][-]{section.6.11}{6.11 小结}{chapter.6}% 70
\BOOKMARK [0][-]{chapter.7}{7 ooc 预处理器：执行一种编码标准}{titlepage.-1}% 71
\BOOKMARK [1][-]{section.7.1}{7.1\040Point\040Revisited}{chapter.7}% 72
\BOOKMARK [1][-]{section.7.2}{7.2 设计}{chapter.7}% 73
\BOOKMARK [1][-]{section.7.3}{7.3 预处理}{chapter.7}% 74
\BOOKMARK [1][-]{section.7.4}{7.4 实现策略}{chapter.7}% 75
\BOOKMARK [1][-]{section.7.5}{7.5\040Object\040Revisited}{chapter.7}% 76
\BOOKMARK [1][-]{section.7.6}{7.6 讨论}{chapter.7}% 77
\BOOKMARK [1][-]{section.7.7}{7.7 一个例子：列表、队列和堆栈}{chapter.7}% 78
\BOOKMARK [1][-]{section.7.8}{7.8 练习}{chapter.7}% 79
\BOOKMARK [0][-]{chapter.8}{8 动态类型检查：防错性编程}{titlepage.-1}% 80
\BOOKMARK [1][-]{section.8.1}{8.1\040Technique}{chapter.8}% 81
\BOOKMARK [1][-]{section.8.2}{8.2 一个例子：列表}{chapter.8}% 82
\BOOKMARK [1][-]{section.8.3}{8.3 实现}{chapter.8}% 83
\BOOKMARK [1][-]{section.8.4}{8.4 编码标准}{chapter.8}% 84
\BOOKMARK [1][-]{section.8.5}{8.5 避免递归}{chapter.8}% 85
\BOOKMARK [1][-]{section.8.6}{8.6 小结}{chapter.8}% 86
\BOOKMARK [1][-]{section.8.7}{8.7 练习}{chapter.8}% 87
\BOOKMARK [0][-]{chapter.9}{9 静态构造：自组织}{titlepage.-1}% 88
\BOOKMARK [1][-]{section.9.1}{9.1 初始化}{chapter.9}% 89
\BOOKMARK [1][-]{section.9.2}{9.2 Initializer Lists —munch}{chapter.9}% 90
\BOOKMARK [1][-]{section.9.3}{9.3 对象的函数}{chapter.9}% 91
\BOOKMARK [1][-]{section.9.4}{9.4 实现}{chapter.9}% 92
\BOOKMARK [1][-]{section.9.5}{9.5 小结}{chapter.9}% 93
\BOOKMARK [1][-]{section.9.6}{9.6 练习}{chapter.9}% 94
\BOOKMARK [0][-]{chapter.10}{10 委派：回调函数}{titlepage.-1}% 95
\BOOKMARK [1][-]{section.10.1}{10.1\040Callbacks}{chapter.10}% 96
\BOOKMARK [1][-]{section.10.2}{10.2\040Abstract\040Base\040Classes}{chapter.10}% 97
\BOOKMARK [1][-]{section.10.3}{10.3\040Delegates}{chapter.10}% 98
\BOOKMARK [1][-]{section.10.4}{10.4 An Application Framework —Filter}{chapter.10}% 99
\BOOKMARK [1][-]{section.10.5}{10.5\040The\040respondsTo\040Method}{chapter.10}% 100
\BOOKMARK [1][-]{section.10.6}{10.6\040Implementation}{chapter.10}% 101
\BOOKMARK [1][-]{section.10.7}{10.7 Anothor Application —sort}{chapter.10}% 102
\BOOKMARK [1][-]{section.10.8}{10.8\040Summary}{chapter.10}% 103
\BOOKMARK [1][-]{section.10.9}{10.9\040Exercises}{chapter.10}% 104
\BOOKMARK [0][-]{chapter.11}{11 类方法：内存泄漏封堵}{titlepage.-1}% 105
\BOOKMARK [1][-]{section.11.1}{11.1\040An\040Example}{chapter.11}% 106
\BOOKMARK [1][-]{section.11.2}{11.2\040Class\040Methods}{chapter.11}% 107
\BOOKMARK [1][-]{section.11.3}{11.3\040Implementation\040Class\040Methods}{chapter.11}% 108
\BOOKMARK [1][-]{section.11.4}{11.4 Programming Savvy —A Classy Calculator}{chapter.11}% 109
\BOOKMARK [1][-]{section.11.5}{11.5\040Summary}{chapter.11}% 110
\BOOKMARK [1][-]{section.11.6}{11.6\040Exercises}{chapter.11}% 111
\BOOKMARK [0][-]{chapter.12}{12 对象持久化：存储、加载数据结构}{titlepage.-1}% 112
\BOOKMARK [1][-]{section.12.1}{12.1\040An\040Example}{chapter.12}% 113
\BOOKMARK [1][-]{section.12.2}{12.2 Storing Objects —puto\(\)}{chapter.12}% 114
\BOOKMARK [1][-]{section.12.3}{12.3 Filling Objects —geto\(\)}{chapter.12}% 115
\BOOKMARK [1][-]{section.12.4}{12.4 Loading Objects —retrieve\(\)}{chapter.12}% 116
\BOOKMARK [1][-]{section.12.5}{12.5 Attaching Objects —value Revisited}{chapter.12}% 117
\BOOKMARK [1][-]{section.12.6}{12.6\040Summary}{chapter.12}% 118
\BOOKMARK [1][-]{section.12.7}{12.7\040Exercises}{chapter.12}% 119
\BOOKMARK [0][-]{chapter.13}{13 异常：Disciplined 错误恢复}{titlepage.-1}% 120
\BOOKMARK [1][-]{section.13.1}{13.1\040Strategy}{chapter.13}% 121
\BOOKMARK [1][-]{section.13.2}{13.2 Implementation —Exception}{chapter.13}% 122
\BOOKMARK [1][-]{section.13.3}{13.3\040Examples}{chapter.13}% 123
\BOOKMARK [1][-]{section.13.4}{13.4\040Summary}{chapter.13}% 124
\BOOKMARK [1][-]{section.13.5}{13.5\040Exercises}{chapter.13}% 125
\BOOKMARK [0][-]{chapter.14}{14 消息转发：一个图形界面计算器}{titlepage.-1}% 126
\BOOKMARK [1][-]{section.14.1}{14.1\040The\040Idea}{chapter.14}% 127
\BOOKMARK [1][-]{section.14.2}{14.2\040Implementation}{chapter.14}% 128
\BOOKMARK [1][-]{section.14.3}{14.3 Object–Oriented Design by Example}{chapter.14}% 129
\BOOKMARK [1][-]{section.14.4}{14.4 Implementation —Ic}{chapter.14}% 130
\BOOKMARK [1][-]{section.14.5}{14.5 A Character–Based Interface —curses}{chapter.14}% 131
\BOOKMARK [1][-]{section.14.6}{14.6 A Graphical Interface —Xt}{chapter.14}% 132
\BOOKMARK [1][-]{section.14.7}{14.7\040Summary}{chapter.14}% 133
\BOOKMARK [1][-]{section.14.8}{14.8\040Exercises}{chapter.14}% 134
\BOOKMARK [0][-]{appendix.A}{A ANSI-C 编程提示}{titlepage.-1}% 135
\BOOKMARK [1][-]{section.A.1}{A.1 变量名和作用域}{appendix.A}% 136
\BOOKMARK [1][-]{section.A.2}{A.2 函数}{appendix.A}% 137
\BOOKMARK [1][-]{section.A.3}{A.3 通用指针：void *}{appendix.A}% 138
\BOOKMARK [1][-]{section.A.4}{A.4\040const}{appendix.A}% 139
\BOOKMARK [1][-]{section.A.5}{A.5 typedef 和 const}{appendix.A}% 140
\BOOKMARK [1][-]{section.A.6}{A.6 结构体}{appendix.A}% 141
\BOOKMARK [1][-]{section.A.7}{A.7 函数指针}{appendix.A}% 142
\BOOKMARK [1][-]{section.A.8}{A.8 预处理器}{appendix.A}% 143
\BOOKMARK [1][-]{section.A.9}{A.9 断言：assert.h}{appendix.A}% 144
\BOOKMARK [1][-]{section.A.10}{A.10 全局跳转：setjmp.h}{appendix.A}% 145
\BOOKMARK [1][-]{section.A.11}{A.11 变长参数列表：stdarg.h}{appendix.A}% 146
\BOOKMARK [1][-]{section.A.12}{A.12 数据类型：stddef.h}{appendix.A}% 147
\BOOKMARK [1][-]{section.A.13}{A.13 内存管理：stdlib.h}{appendix.A}% 148
\BOOKMARK [1][-]{section.A.14}{A.14 内存函数：string.h}{appendix.A}% 149
\BOOKMARK [0][-]{appendix.B}{B ooc 预处理器：awk 编程指南}{titlepage.-1}% 150
\BOOKMARK [1][-]{section.B.1}{B.1 构型}{appendix.B}% 151
\BOOKMARK [1][-]{section.B.2}{B.2 文件管理：io.awk}{appendix.B}% 152
\BOOKMARK [1][-]{section.B.3}{B.3 识别：parse.awk}{appendix.B}% 153
\BOOKMARK [1][-]{section.B.4}{B.4 数据库}{appendix.B}% 154
\BOOKMARK [1][-]{section.B.5}{B.5 报告生成：report.awk}{appendix.B}% 155
\BOOKMARK [1][-]{section.B.6}{B.6 行计数}{appendix.B}% 156
\BOOKMARK [1][-]{section.B.7}{B.7 主程序：main.awk}{appendix.B}% 157
\BOOKMARK [1][-]{section.B.8}{B.8 报告文件}{appendix.B}% 158
\BOOKMARK [1][-]{section.B.9}{B.9 ooc 命令}{appendix.B}% 159
\BOOKMARK [0][-]{appendix.C}{C 手册}{titlepage.-1}% 160
\BOOKMARK [1][-]{section.C.1}{C.1 命令}{appendix.C}% 161
\BOOKMARK [1][-]{section.C.2}{C.2 函数}{appendix.C}% 162
\BOOKMARK [1][-]{section.C.3}{C.3 根类}{appendix.C}% 163
\BOOKMARK [1][-]{section.C.4}{C.4 GUI 计算器类}{appendix.C}% 164
\BOOKMARK [0][-]{appendix*.5}{参考文献}{titlepage.-1}% 165
